<?xml version="1.0" encoding="UTF-8"?>
<!-- Generated by org.testng.reporters.JUnitReportReporter -->
<testsuite hostname="LAPTOP-QBBI43OL" failures="0" tests="1" name="dropdown.Dropdown" time="24.115" errors="0" timestamp="2025-01-04T15:18:07 IST" skipped="0">
  <testcase classname="dropdown.Dropdown" name="matchElementCheck" time="24.115"/>
</testsuite> <!-- dropdown.Dropdown -->
