<?xml version="1.0" encoding="UTF-8"?>
<!-- Generated by org.testng.reporters.JUnitReportReporter -->
<testsuite hostname="LAPTOP-QBBI43OL" failures="0" tests="1" name="Screenshot.SsmethodTest" time="2.472" errors="0" timestamp="2024-12-27T19:40:30 IST" skipped="0">
  <testcase classname="Screenshot.SsmethodTest" name="methodScreenshot" time="2.472"/>
</testsuite> <!-- Screenshot.SsmethodTest -->
